 * Serving Flask app 'pball_pete'
 * Debug mode: off
[31m[1mWARNING: This is a development server. Do not use it in a production deployment. Use a production WSGI server instead.[0m
 * Running on http://127.0.0.1:8181
[33mPress CTRL+C to quit[0m
[2026-02-26 15:31:30,369] ERROR in app: Exception on /interactions [POST]
Traceback (most recent call last):
  File "/home/josh/Documents/pball/venv/lib/python3.12/site-packages/flask/app.py", line 1511, in wsgi_app
    response = self.full_dispatch_request()
               ^^^^^^^^^^^^^^^^^^^^^^^^^^^^
  File "/home/josh/Documents/pball/venv/lib/python3.12/site-packages/flask/app.py", line 920, in full_dispatch_request
    return self.finalize_request(rv)
           ^^^^^^^^^^^^^^^^^^^^^^^^^
  File "/home/josh/Documents/pball/venv/lib/python3.12/site-packages/flask/app.py", line 939, in finalize_request
    response = self.make_response(rv)
               ^^^^^^^^^^^^^^^^^^^^^^
  File "/home/josh/Documents/pball/venv/lib/python3.12/site-packages/flask/app.py", line 1212, in make_response
    raise TypeError(
TypeError: The view function for 'interactions' did not return a valid response. The function either returned None or ended without a return statement.
127.0.0.1 - - [26/Feb/2026 15:31:30] "[35m[1mPOST /interactions HTTP/1.0[0m" 500 -
